<?xml version="1.0" encoding="UTF-8"?>
<testng-results ignored="0" total="2" passed="2" failed="0" skipped="0">
  <reporter-output>
  </reporter-output>
  <suite started-at="2023-12-13T12:22:29 IST" name="Default suite" finished-at="2023-12-13T12:22:29 IST" duration-ms="299">
    <groups>
    </groups>
    <test started-at="2023-12-13T12:22:29 IST" name="Default test" finished-at="2023-12-13T12:22:29 IST" duration-ms="299">
      <class name="com.TestSuite.ok">
        <test-method is-config="true" signature="beforTest()[pri:0, instance:com.TestSuite.ok@77888435]" started-at="2023-12-13T12:22:29 IST" name="beforTest" finished-at="2023-12-13T12:22:29 IST" duration-ms="42" status="PASS">
          <reporter-output>
          </reporter-output>
        </test-method> <!-- beforTest -->
        <test-method is-config="true" signature="beforeClass()[pri:0, instance:com.TestSuite.ok@77888435]" started-at="2023-12-13T12:22:29 IST" name="beforeClass" finished-at="2023-12-13T12:22:29 IST" duration-ms="1" status="PASS">
          <reporter-output>
          </reporter-output>
        </test-method> <!-- beforeClass -->
        <test-method is-config="true" signature="beforeMethod()[pri:0, instance:com.TestSuite.ok@77888435]" started-at="2023-12-13T12:22:29 IST" name="beforeMethod" finished-at="2023-12-13T12:22:29 IST" duration-ms="2" status="PASS">
          <reporter-output>
          </reporter-output>
        </test-method> <!-- beforeMethod -->
        <test-method signature="test1()[pri:0, instance:com.TestSuite.ok@77888435]" started-at="2023-12-13T12:22:29 IST" name="test1" finished-at="2023-12-13T12:22:29 IST" duration-ms="21" status="PASS">
          <reporter-output>
          </reporter-output>
        </test-method> <!-- test1 -->
        <test-method is-config="true" signature="afterMethod()[pri:0, instance:com.TestSuite.ok@77888435]" started-at="2023-12-13T12:22:29 IST" name="afterMethod" finished-at="2023-12-13T12:22:29 IST" duration-ms="1" status="PASS">
          <reporter-output>
          </reporter-output>
        </test-method> <!-- afterMethod -->
        <test-method is-config="true" signature="beforeMethod()[pri:0, instance:com.TestSuite.ok@77888435]" started-at="2023-12-13T12:22:29 IST" name="beforeMethod" finished-at="2023-12-13T12:22:29 IST" duration-ms="1" status="PASS">
          <reporter-output>
          </reporter-output>
        </test-method> <!-- beforeMethod -->
        <test-method signature="test2()[pri:0, instance:com.TestSuite.ok@77888435]" started-at="2023-12-13T12:22:29 IST" name="test2" finished-at="2023-12-13T12:22:29 IST" duration-ms="3" status="PASS">
          <reporter-output>
          </reporter-output>
        </test-method> <!-- test2 -->
        <test-method is-config="true" signature="afterMethod()[pri:0, instance:com.TestSuite.ok@77888435]" started-at="2023-12-13T12:22:29 IST" name="afterMethod" finished-at="2023-12-13T12:22:29 IST" duration-ms="2" status="PASS">
          <reporter-output>
          </reporter-output>
        </test-method> <!-- afterMethod -->
        <test-method is-config="true" signature="afterClass()[pri:0, instance:com.TestSuite.ok@77888435]" started-at="2023-12-13T12:22:29 IST" name="afterClass" finished-at="2023-12-13T12:22:29 IST" duration-ms="3" status="PASS">
          <reporter-output>
          </reporter-output>
        </test-method> <!-- afterClass -->
        <test-method is-config="true" signature="afterTest()[pri:0, instance:com.TestSuite.ok@77888435]" started-at="2023-12-13T12:22:29 IST" name="afterTest" finished-at="2023-12-13T12:22:29 IST" duration-ms="2" status="PASS">
          <reporter-output>
          </reporter-output>
        </test-method> <!-- afterTest -->
      </class> <!-- com.TestSuite.ok -->
    </test> <!-- Default test -->
  </suite> <!-- Default suite -->
</testng-results>
