<?xml version="1.0" encoding="UTF-8"?>
<testng-results ignored="0" total="1" passed="1" failed="0" skipped="0">
  <reporter-output>
  </reporter-output>
  <suite started-at="2024-01-16T18:29:04 IST" name="Default suite" finished-at="2024-01-16T18:29:13 IST" duration-ms="8950">
    <groups>
    </groups>
    <test started-at="2024-01-16T18:29:04 IST" name="Default test" finished-at="2024-01-16T18:29:13 IST" duration-ms="8950">
      <class name="com.TestSuite.NewTest">
        <test-method signature="f()[pri:0, instance:com.TestSuite.NewTest@59662a0b]" started-at="2024-01-16T18:29:04 IST" name="f" finished-at="2024-01-16T18:29:13 IST" duration-ms="8801" status="PASS">
          <reporter-output>
          </reporter-output>
        </test-method> <!-- f -->
      </class> <!-- com.TestSuite.NewTest -->
    </test> <!-- Default test -->
  </suite> <!-- Default suite -->
</testng-results>
